<?xml version="1.0" encoding="UTF-8"?>
<coverage generated="1739513084803" clover="3.2.0">
  <project timestamp="1739513084803" name="All files">
    <metrics statements="1" coveredstatements="1" conditionals="0" coveredconditionals="0" methods="0" coveredmethods="0" elements="1" coveredelements="1" complexity="0" loc="1" ncloc="1" packages="1" files="1" classes="1"/>
    <file name="config.js" path="C:\Users\fieni\projects\hm07-qa-us\config.js">
      <metrics statements="1" coveredstatements="1" conditionals="0" coveredconditionals="0" methods="0" coveredmethods="0"/>
      <line num="2" count="4" type="stmt"/>
    </file>
  </project>
</coverage>
